<?xml version="1.0" encoding="UTF-8"?>
<robot generator="Robot 7.2.2 (Python 3.13.2 on win32)" generated="2025-03-20T17:16:48.278411" rpa="false" schemaversion="5">
<suite id="s1" name="Ojtactivity" source="C:\Users\DEVOJT\Downloads\REMOROZA_JOURNAL\OJT_QA\test-scripts\ojtactivity.robot">
<test id="s1-t1" name="Master Course List" line="10">
<kw name="Open Login Page" owner="keywords">
<kw name="Open Browser" owner="SeleniumLibrary">
<msg time="2025-03-20T17:16:49.960094" level="INFO">Opening browser 'Chrome' to base url 'http://localhost:4200/login'.</msg>
<arg>${URL}</arg>
<arg>${BROWSER}</arg>
<doc>Opens a new browser instance to the optional ``url``.</doc>
<status status="PASS" start="2025-03-20T17:16:49.959050" elapsed="11.981620"/>
</kw>
<kw name="Maximize Browser Window" owner="SeleniumLibrary">
<doc>Maximizes current browser window.</doc>
<status status="PASS" start="2025-03-20T17:17:01.944840" elapsed="0.179951"/>
</kw>
<kw name="Wait Until Element Is Visible" owner="SeleniumLibrary">
<arg>${username_field}</arg>
<arg>10s</arg>
<doc>Waits until the element ``locator`` is visible.</doc>
<status status="PASS" start="2025-03-20T17:17:02.126164" elapsed="0.163971"/>
</kw>
<tag>LP-001</tag>
<doc>Opens the browser and navigates to the login page</doc>
<status status="PASS" start="2025-03-20T17:16:49.957061" elapsed="12.333337"/>
</kw>
<kw name="Verify Login Elements" owner="keywords">
<kw name="Page Should Contain Element" owner="SeleniumLibrary">
<msg time="2025-03-20T17:17:02.315811" level="INFO">Current page contains element 'xpath=//input[@placeholder='Username']'.</msg>
<arg>${username_field}</arg>
<doc>Verifies that element ``locator`` is found on the current page.</doc>
<status status="PASS" start="2025-03-20T17:17:02.292443" elapsed="0.023588"/>
</kw>
<kw name="Element Should Be Enabled" owner="SeleniumLibrary">
<arg>${username_field}</arg>
<doc>Verifies that element identified by ``locator`` is enabled.</doc>
<status status="PASS" start="2025-03-20T17:17:02.316514" elapsed="0.148377"/>
</kw>
<kw name="Page Should Contain Element" owner="SeleniumLibrary">
<msg time="2025-03-20T17:17:02.488411" level="INFO">Current page contains element 'xpath=//input[@placeholder='Password']'.</msg>
<arg>${password_field}</arg>
<doc>Verifies that element ``locator`` is found on the current page.</doc>
<status status="PASS" start="2025-03-20T17:17:02.465407" elapsed="0.023186"/>
</kw>
<kw name="Element Should Be Enabled" owner="SeleniumLibrary">
<arg>${password_field}</arg>
<doc>Verifies that element identified by ``locator`` is enabled.</doc>
<status status="PASS" start="2025-03-20T17:17:02.488912" elapsed="0.061599"/>
</kw>
<kw name="Page Should Contain Element" owner="SeleniumLibrary">
<msg time="2025-03-20T17:17:02.572352" level="INFO">Current page contains element 'xpath=//button[@type='submit']'.</msg>
<arg>${login_button}</arg>
<doc>Verifies that element ``locator`` is found on the current page.</doc>
<status status="PASS" start="2025-03-20T17:17:02.550948" elapsed="0.021522"/>
</kw>
<kw name="Element Should Be Enabled" owner="SeleniumLibrary">
<arg>${login_button}</arg>
<doc>Verifies that element identified by ``locator`` is enabled.</doc>
<status status="PASS" start="2025-03-20T17:17:02.572680" elapsed="0.057689"/>
</kw>
<tag>LP-001</tag>
<doc>Verifies essential login elements are visible and enabled</doc>
<status status="PASS" start="2025-03-20T17:17:02.291535" elapsed="0.339120"/>
</kw>
<kw name="Enter Credentials" owner="keywords">
<kw name="Input Text" owner="SeleniumLibrary">
<msg time="2025-03-20T17:17:02.633112" level="INFO">Typing text 'admin' into text field 'xpath=//input[@placeholder='Username']'.</msg>
<arg>${username_field}</arg>
<arg>${username}</arg>
<doc>Types the given ``text`` into the text field identified by ``locator``.</doc>
<status status="PASS" start="2025-03-20T17:17:02.632431" elapsed="0.327344"/>
</kw>
<kw name="Input Text" owner="SeleniumLibrary">
<msg time="2025-03-20T17:17:02.961322" level="INFO">Typing text 'admin' into text field 'xpath=//input[@placeholder='Password']'.</msg>
<arg>${password_field}</arg>
<arg>${password}</arg>
<doc>Types the given ``text`` into the text field identified by ``locator``.</doc>
<status status="PASS" start="2025-03-20T17:17:02.960370" elapsed="0.291589"/>
</kw>
<kw name="Click Element" owner="SeleniumLibrary">
<msg time="2025-03-20T17:17:03.253453" level="INFO">Clicking element 'xpath=//button[@type='submit']'.</msg>
<arg>${login_button}</arg>
<doc>Click the element identified by ``locator``.</doc>
<status status="PASS" start="2025-03-20T17:17:03.252619" elapsed="0.197604"/>
</kw>
<arg>${USERNAME}</arg>
<arg>${PASSWORD}</arg>
<tag>LP-001</tag>
<doc>Inputs username and password, then clicks login</doc>
<status status="PASS" start="2025-03-20T17:17:02.631362" elapsed="0.819124"/>
</kw>
<kw name="Confirm Dashboard Navigation" owner="keywords">
<kw name="Wait Until Element Is Visible" owner="SeleniumLibrary">
<arg>${dashboard_header}</arg>
<arg>10s</arg>
<doc>Waits until the element ``locator`` is visible.</doc>
<status status="PASS" start="2025-03-20T17:17:03.452354" elapsed="1.978295"/>
</kw>
<kw name="Page Should Contain Element" owner="SeleniumLibrary">
<msg time="2025-03-20T17:17:05.466166" level="INFO">Current page contains element 'xpath=//h1[contains(text(), 'DASHBOARD OVERVIEW')]'.</msg>
<arg>${dashboard_header}</arg>
<doc>Verifies that element ``locator`` is found on the current page.</doc>
<status status="PASS" start="2025-03-20T17:17:05.431229" elapsed="0.035167"/>
</kw>
<kw name="Click Element" owner="SeleniumLibrary">
<msg time="2025-03-20T17:17:05.467445" level="INFO">Clicking element 'xpath=(//a[normalize-space()='Course Master List'])[1]'.</msg>
<arg>${course_button}</arg>
<doc>Click the element identified by ``locator``.</doc>
<status status="PASS" start="2025-03-20T17:17:05.466825" elapsed="0.247176"/>
</kw>
<tag>DP-001</tag>
<doc>Verifies successful navigation to the dashboard</doc>
<status status="PASS" start="2025-03-20T17:17:03.451739" elapsed="2.262595"/>
</kw>
<kw name=" Access and Search Course Master List" owner="keywords">
<kw name="Wait Until Element Is Visible" owner="SeleniumLibrary">
<arg>${course_header}</arg>
<arg>3s</arg>
<doc>Waits until the element ``locator`` is visible.</doc>
<status status="PASS" start="2025-03-20T17:17:05.717060" elapsed="0.101114"/>
</kw>
<kw name="Page Should Contain Element" owner="SeleniumLibrary">
<msg time="2025-03-20T17:17:05.851316" level="INFO">Current page contains element 'xpath=//h1[contains(., 'Course Master List')]'.</msg>
<arg>${course_header}</arg>
<doc>Verifies that element ``locator`` is found on the current page.</doc>
<status status="PASS" start="2025-03-20T17:17:05.818437" elapsed="0.033093"/>
</kw>
<kw name="Element Should Be Enabled" owner="SeleniumLibrary">
<arg>${course_header}</arg>
<doc>Verifies that element identified by ``locator`` is enabled.</doc>
<status status="PASS" start="2025-03-20T17:17:05.851976" elapsed="0.095688"/>
</kw>
<kw name="Sleep" owner="BuiltIn">
<msg time="2025-03-20T17:17:06.950823" level="INFO">Slept 1 second.</msg>
<arg>1s</arg>
<doc>Pauses the test executed for the given time.</doc>
<status status="PASS" start="2025-03-20T17:17:05.948469" elapsed="1.002565"/>
</kw>
<kw name="Input Text" owner="SeleniumLibrary">
<msg time="2025-03-20T17:17:06.951985" level="INFO">Typing text '21' into text field 'xpath=(//input[@placeholder='🔍 Search All Data'])[1]'.</msg>
<arg>${course_search_bar}</arg>
<arg>${search_data}</arg>
<doc>Types the given ``text`` into the text field identified by ``locator``.</doc>
<status status="PASS" start="2025-03-20T17:17:06.951406" elapsed="0.436590"/>
</kw>
<kw name="Sleep" owner="BuiltIn">
<msg time="2025-03-20T17:17:08.390382" level="INFO">Slept 1 second.</msg>
<arg>1s</arg>
<doc>Pauses the test executed for the given time.</doc>
<status status="PASS" start="2025-03-20T17:17:07.388445" elapsed="1.002204"/>
</kw>
<kw name="Click Button" owner="SeleniumLibrary">
<msg time="2025-03-20T17:17:08.391841" level="INFO">Clicking button 'xpath=(//button[contains(text(),'🔄 Reset')])[1]'.</msg>
<arg>${course_reset_button}</arg>
<doc>Clicks the button identified by ``locator``.</doc>
<status status="PASS" start="2025-03-20T17:17:08.391149" elapsed="0.270759"/>
</kw>
<kw name="Wait Until Element Is Visible" owner="SeleniumLibrary">
<arg>${course_search_result}</arg>
<arg>5s</arg>
<doc>Waits until the element ``locator`` is visible.</doc>
<status status="PASS" start="2025-03-20T17:17:08.662164" elapsed="0.052979"/>
</kw>
<kw name="Page Should Contain Element" owner="SeleniumLibrary">
<msg time="2025-03-20T17:17:08.734028" level="INFO">Current page contains element 'xpath=(//div[@class='table-container'])[1]'.</msg>
<arg>${course_search_result}</arg>
<doc>Verifies that element ``locator`` is found on the current page.</doc>
<status status="PASS" start="2025-03-20T17:17:08.715607" elapsed="0.018540"/>
</kw>
<kw name="Element Should Be Enabled" owner="SeleniumLibrary">
<arg>${course_search_result}</arg>
<doc>Verifies that element identified by ``locator`` is enabled.</doc>
<status status="PASS" start="2025-03-20T17:17:08.734359" elapsed="0.062064"/>
</kw>
<kw name="Sleep" owner="BuiltIn">
<msg time="2025-03-20T17:17:09.798364" level="INFO">Slept 1 second.</msg>
<arg>1s</arg>
<doc>Pauses the test executed for the given time.</doc>
<status status="PASS" start="2025-03-20T17:17:08.796982" elapsed="1.001612"/>
</kw>
<kw name="Input Text" owner="SeleniumLibrary">
<msg time="2025-03-20T17:17:09.799199" level="INFO">Typing text 'invalid1' into text field 'xpath=(//input[@placeholder='🔍 Search All Data'])[1]'.</msg>
<arg>${course_search_bar}</arg>
<arg>${search_data1}</arg>
<doc>Types the given ``text`` into the text field identified by ``locator``.</doc>
<status status="PASS" start="2025-03-20T17:17:09.798857" elapsed="0.191539"/>
</kw>
<kw name="Wait Until Element Is Visible" owner="SeleniumLibrary">
<arg>${course_search_result}</arg>
<arg>1s</arg>
<doc>Waits until the element ``locator`` is visible.</doc>
<status status="PASS" start="2025-03-20T17:17:09.991113" elapsed="0.042953"/>
</kw>
<kw name="Page Should Contain Element" owner="SeleniumLibrary">
<msg time="2025-03-20T17:17:10.051671" level="INFO">Current page contains element 'xpath=(//div[@class='table-container'])[1]'.</msg>
<arg>${course_search_result}</arg>
<arg>5s</arg>
<doc>Verifies that element ``locator`` is found on the current page.</doc>
<status status="PASS" start="2025-03-20T17:17:10.034371" elapsed="0.017579"/>
</kw>
<kw name="Element Should Be Enabled" owner="SeleniumLibrary">
<arg>${course_search_result}</arg>
<doc>Verifies that element identified by ``locator`` is enabled.</doc>
<status status="PASS" start="2025-03-20T17:17:10.052461" elapsed="0.052738"/>
</kw>
<kw name="Click Button" owner="SeleniumLibrary">
<msg time="2025-03-20T17:17:10.105831" level="INFO">Clicking button 'xpath=(//button[contains(text(),'🔄 Reset')])[1]'.</msg>
<arg>${course_reset_button}</arg>
<doc>Clicks the button identified by ``locator``.</doc>
<status status="PASS" start="2025-03-20T17:17:10.105524" elapsed="0.187494"/>
</kw>
<kw name="Sleep" owner="BuiltIn">
<msg time="2025-03-20T17:17:11.294788" level="INFO">Slept 1 second.</msg>
<arg>1s</arg>
<doc>Pauses the test executed for the given time.</doc>
<status status="PASS" start="2025-03-20T17:17:10.293649" elapsed="1.001361"/>
</kw>
<tag>CML-001</tag>
<doc>Clicks the Course Master List button</doc>
<status status="PASS" start="2025-03-20T17:17:05.716243" elapsed="5.578960"/>
</kw>
<kw name="Complete and Submit Course Details" owner="keywords">
<kw name="Click Element" owner="SeleniumLibrary">
<msg time="2025-03-20T17:17:11.297206" level="INFO">Clicking element 'xpath=(//button[@class='add-btn'])'.</msg>
<arg>${addcourse_button}</arg>
<doc>Click the element identified by ``locator``.</doc>
<status status="PASS" start="2025-03-20T17:17:11.296778" elapsed="0.190184"/>
</kw>
<kw name="Wait Until Element Is Visible" owner="SeleniumLibrary">
<arg>${course_modal}</arg>
<arg>5s</arg>
<doc>Waits until the element ``locator`` is visible.</doc>
<status status="PASS" start="2025-03-20T17:17:11.487640" elapsed="0.052579"/>
</kw>
<kw name="Sleep" owner="BuiltIn">
<msg time="2025-03-20T17:17:12.542109" level="INFO">Slept 1 second.</msg>
<arg>1s</arg>
<doc>Pauses the test executed for the given time.</doc>
<status status="PASS" start="2025-03-20T17:17:11.540582" elapsed="1.001920"/>
</kw>
<kw name="Input Text" owner="SeleniumLibrary">
<msg time="2025-03-20T17:17:12.543691" level="INFO">Typing text 'Bachelor of Technology' into text field 'xpath=//input[@id='addCourseName']'.</msg>
<arg>${coursename_field}</arg>
<arg>${modal_NAME}</arg>
<doc>Types the given ``text`` into the text field identified by ``locator``.</doc>
<status status="PASS" start="2025-03-20T17:17:12.543133" elapsed="0.343975"/>
</kw>
<kw name="Sleep" owner="BuiltIn">
<msg time="2025-03-20T17:17:13.888139" level="INFO">Slept 1 second.</msg>
<arg>1s</arg>
<doc>Pauses the test executed for the given time.</doc>
<status status="PASS" start="2025-03-20T17:17:12.887469" elapsed="1.000862"/>
</kw>
<kw name="Input Text" owner="SeleniumLibrary">
<msg time="2025-03-20T17:17:13.889366" level="INFO">Typing text 'BSP362' into text field 'xpath=//input[@id='addCourseCode']'.</msg>
<arg>${coursecode_field}</arg>
<arg>${modal_CODE}</arg>
<doc>Types the given ``text`` into the text field identified by ``locator``.</doc>
<status status="PASS" start="2025-03-20T17:17:13.888774" elapsed="0.274904"/>
</kw>
<kw name="Sleep" owner="BuiltIn">
<msg time="2025-03-20T17:17:15.166126" level="INFO">Slept 1 second.</msg>
<arg>1s</arg>
<doc>Pauses the test executed for the given time.</doc>
<status status="PASS" start="2025-03-20T17:17:14.164385" elapsed="1.001907"/>
</kw>
<kw name="Input Text" owner="SeleniumLibrary">
<msg time="2025-03-20T17:17:15.167329" level="INFO">Typing text 'account' into text field 'xpath=//input[@id='addDepartment']'.</msg>
<arg>${coursedept_field}</arg>
<arg>${modal_DEPT}</arg>
<doc>Types the given ``text`` into the text field identified by ``locator``.</doc>
<status status="PASS" start="2025-03-20T17:17:15.166962" elapsed="0.150886"/>
</kw>
<kw name="Sleep" owner="BuiltIn">
<msg time="2025-03-20T17:17:16.319655" level="INFO">Slept 1 second.</msg>
<arg>1s</arg>
<doc>Pauses the test executed for the given time.</doc>
<status status="PASS" start="2025-03-20T17:17:15.318469" elapsed="1.001505"/>
</kw>
<kw name="Input Text" owner="SeleniumLibrary">
<msg time="2025-03-20T17:17:16.321866" level="INFO">Typing text '3' into text field 'xpath=//input[@id='addDuration']'.</msg>
<arg>${course_duration}</arg>
<arg>${modal_DURATION}</arg>
<doc>Types the given ``text`` into the text field identified by ``locator``.</doc>
<status status="PASS" start="2025-03-20T17:17:16.320676" elapsed="0.239917"/>
</kw>
<kw name="Sleep" owner="BuiltIn">
<msg time="2025-03-20T17:17:17.562481" level="INFO">Slept 1 second.</msg>
<arg>1s</arg>
<doc>Pauses the test executed for the given time.</doc>
<status status="PASS" start="2025-03-20T17:17:16.561094" elapsed="1.001517"/>
</kw>
<kw name="Input Text" owner="SeleniumLibrary">
<msg time="2025-03-20T17:17:17.563173" level="INFO">Typing text 'This is a course description' into text field 'xpath=//input[@id='addDescription']'.</msg>
<arg>${course_description}</arg>
<arg>${modal_DESC}</arg>
<doc>Types the given ``text`` into the text field identified by ``locator``.</doc>
<status status="PASS" start="2025-03-20T17:17:17.562830" elapsed="0.282976"/>
</kw>
<kw name="Sleep" owner="BuiltIn">
<msg time="2025-03-20T17:17:18.847221" level="INFO">Slept 1 second.</msg>
<arg>1s</arg>
<doc>Pauses the test executed for the given time.</doc>
<status status="PASS" start="2025-03-20T17:17:17.846327" elapsed="1.001025"/>
</kw>
<kw name="Select From List By Label" owner="SeleniumLibrary">
<msg time="2025-03-20T17:17:18.847897" level="INFO">Selecting options from selection list 'xpath=//select[@id='addStatus']' by label Active.</msg>
<arg>${course_status}</arg>
<arg>${modal_STATUS}</arg>
<doc>Selects options from selection list ``locator`` by ``labels``.</doc>
<status status="PASS" start="2025-03-20T17:17:18.847590" elapsed="0.104782"/>
</kw>
<kw name="Sleep" owner="BuiltIn">
<msg time="2025-03-20T17:17:19.953947" level="INFO">Slept 1 second.</msg>
<arg>1s</arg>
<doc>Pauses the test executed for the given time.</doc>
<status status="PASS" start="2025-03-20T17:17:18.952878" elapsed="1.001262"/>
</kw>
<tag>CML-001</tag>
<doc>Fills in the course details and submits</doc>
<status status="PASS" start="2025-03-20T17:17:11.296122" elapsed="8.658230"/>
</kw>
<kw name="Confirm Save Button" owner="keywords">
<kw name="Click Button" owner="SeleniumLibrary">
<msg time="2025-03-20T17:17:19.956974" level="INFO">Clicking button 'xpath=//button[@type='submit']'.</msg>
<arg>${csave}</arg>
<doc>Clicks the button identified by ``locator``.</doc>
<status status="PASS" start="2025-03-20T17:17:19.956622" elapsed="0.319498"/>
</kw>
<kw name="Sleep" owner="BuiltIn">
<msg time="2025-03-20T17:17:25.277764" level="INFO">Slept 5 seconds.</msg>
<arg>5s</arg>
<doc>Pauses the test executed for the given time.</doc>
<status status="PASS" start="2025-03-20T17:17:20.276526" elapsed="5.001462"/>
</kw>
<kw name="Alert Should Be Present" owner="SeleniumLibrary">
<msg time="2025-03-20T17:17:25.278674" level="INFO">HANDLE::&lt;class 'NoneType'&gt;::None</msg>
<doc>Verifies that an alert is present and by default, accepts it.</doc>
<status status="PASS" start="2025-03-20T17:17:25.278354" elapsed="0.017789"/>
</kw>
<kw name="Sleep" owner="BuiltIn">
<msg time="2025-03-20T17:17:30.297687" level="INFO">Slept 5 seconds.</msg>
<arg>5s</arg>
<doc>Pauses the test executed for the given time.</doc>
<status status="PASS" start="2025-03-20T17:17:25.296560" elapsed="5.001241"/>
</kw>
<kw name="Wait Until Element Is Visible" owner="SeleniumLibrary">
<arg>${course_search_result}</arg>
<arg>30s</arg>
<doc>Waits until the element ``locator`` is visible.</doc>
<status status="PASS" start="2025-03-20T17:17:30.297993" elapsed="0.035025"/>
</kw>
<kw name="Page Should Contain Element" owner="SeleniumLibrary">
<msg time="2025-03-20T17:17:30.354562" level="INFO">Current page contains element 'xpath=(//div[@class='table-container'])[1]'.</msg>
<arg>${course_search_result}</arg>
<doc>Verifies that element ``locator`` is found on the current page.</doc>
<status status="PASS" start="2025-03-20T17:17:30.333225" elapsed="0.021595"/>
</kw>
<kw name="Element Should Be Enabled" owner="SeleniumLibrary">
<arg>${course_search_result}</arg>
<doc>Verifies that element identified by ``locator`` is enabled.</doc>
<status status="PASS" start="2025-03-20T17:17:30.355376" elapsed="0.046484"/>
</kw>
<tag>CML-001</tag>
<doc>Verifies the save button is enabled and clicks it</doc>
<status status="PASS" start="2025-03-20T17:17:19.955885" elapsed="10.446235"/>
</kw>
<kw name="Perform User Logout" owner="keywords">
<kw name="Page Should Contain Element" owner="SeleniumLibrary">
<msg time="2025-03-20T17:17:30.428967" level="INFO">Current page contains element 'xpath=(//button[@class='logout-btn'])'.</msg>
<arg>${logout_button}</arg>
<doc>Verifies that element ``locator`` is found on the current page.</doc>
<status status="PASS" start="2025-03-20T17:17:30.405634" elapsed="0.023477"/>
</kw>
<kw name="Element Should Be Enabled" owner="SeleniumLibrary">
<arg>${logout_button}</arg>
<doc>Verifies that element identified by ``locator`` is enabled.</doc>
<status status="PASS" start="2025-03-20T17:17:30.429450" elapsed="0.050412"/>
</kw>
<kw name="Sleep" owner="BuiltIn">
<msg time="2025-03-20T17:17:35.481301" level="INFO">Slept 5 seconds.</msg>
<arg>5s</arg>
<doc>Pauses the test executed for the given time.</doc>
<status status="PASS" start="2025-03-20T17:17:30.480095" elapsed="5.001319"/>
</kw>
<kw name="Click Button" owner="SeleniumLibrary">
<msg time="2025-03-20T17:17:35.481827" level="INFO">Clicking button 'xpath=(//button[@class='logout-btn'])'.</msg>
<arg>${logout_button}</arg>
<doc>Clicks the button identified by ``locator``.</doc>
<status status="PASS" start="2025-03-20T17:17:35.481597" elapsed="0.138556"/>
</kw>
<kw name="Alert Should Be Present" owner="SeleniumLibrary">
<msg time="2025-03-20T17:17:35.620945" level="INFO">HANDLE::&lt;class 'NoneType'&gt;::None</msg>
<doc>Verifies that an alert is present and by default, accepts it.</doc>
<status status="PASS" start="2025-03-20T17:17:35.620618" elapsed="0.019038"/>
</kw>
<tag>CML-001</tag>
<doc>Logs out the user</doc>
<status status="PASS" start="2025-03-20T17:17:30.404290" elapsed="5.235715"/>
</kw>
<kw name="Sleep" owner="BuiltIn">
<msg time="2025-03-20T17:17:38.642557" level="INFO">Slept 3 seconds.</msg>
<arg>3s</arg>
<doc>Pauses the test executed for the given time.</doc>
<status status="PASS" start="2025-03-20T17:17:35.641728" elapsed="3.001032"/>
</kw>
<kw name="Close Browser" owner="SeleniumLibrary" type="TEARDOWN">
<doc>Closes the current browser.</doc>
<status status="PASS" start="2025-03-20T17:17:38.644038" elapsed="3.312240"/>
</kw>
<doc>Validates login, dashboard navigation, course master list access,
 course creation, and logout in one seamless flow.</doc>
<tag>CML-001</tag>
<tag>DP-001</tag>
<tag>LP-001</tag>
<status status="PASS" start="2025-03-20T17:16:49.955339" elapsed="52.001510"/>
</test>
<doc>This test suite verifies the functionality of the application.</doc>
<status status="PASS" start="2025-03-20T17:16:48.296109" elapsed="53.662638"/>
</suite>
<statistics>
<total>
<stat pass="1" fail="0" skip="0">All Tests</stat>
</total>
<tag>
<stat pass="1" fail="0" skip="0">CML-001</stat>
<stat pass="1" fail="0" skip="0">DP-001</stat>
<stat pass="1" fail="0" skip="0">LP-001</stat>
</tag>
<suite>
<stat name="Ojtactivity" id="s1" pass="1" fail="0" skip="0">Ojtactivity</stat>
</suite>
</statistics>
<errors>
<msg time="2025-03-20T17:16:49.947139" level="ERROR">Error in file 'C:\Users\DEVOJT\Downloads\REMOROZA_JOURNAL\OJT_QA\resources\keywords.robot' on line 7: Invalid resource file extension '.py'. Supported extensions are '.json', '.resource', '.rest', '.robot', '.rsrc', '.rst', '.tsv' and '.txt'.</msg>
</errors>
</robot>
